生成启动时间为 12/16/2014 10:19:20 PM。
     1>项目“E:\C++练习\BP_NetWork\BP_NetWork\BP_NetWork.vcxproj”在节点 2 上(build 个目标)。
     1>InitializeBuildStatus:
         正在创建“Debug\BP_NetWork.unsuccessfulbuild”，因为已指定“AlwaysCreate”。
       ClCompile:
         所有输出均为最新。
         F:\Program Files\Microsoft Visual Studio 10.0\VC\bin\CL.exe /c /ZI /nologo /W3 /WX- /Od /Oy- /D WIN32 /D _DEBUG /D _CONSOLE /D _UNICODE /D UNICODE /Gm /EHsc /RTC1 /MDd /GS /fp:precise /Zc:wchar_t /Zc:forScope /Fo"Debug\\" /Fd"Debug\vc100.pdb" /Gd /TP /analyze- /errorReport:prompt BP_NetWork.cpp
         BP_NetWork.cpp
       ManifestResourceCompile:
         所有输出均为最新。
       Link:
         F:\Program Files\Microsoft Visual Studio 10.0\VC\bin\link.exe /ERRORREPORT:PROMPT /OUT:"E:\C++练习\BP_NetWork\Debug\BP_NetWork.exe" /INCREMENTAL /NOLOGO kernel32.lib user32.lib gdi32.lib winspool.lib comdlg32.lib advapi32.lib shell32.lib ole32.lib oleaut32.lib uuid.lib odbc32.lib odbccp32.lib /MANIFEST /ManifestFile:"Debug\BP_NetWork.exe.intermediate.manifest" /MANIFESTUAC:"level='asInvoker' uiAccess='false'" /DEBUG /PDB:"E:\C++练习\BP_NetWork\Debug\BP_NetWork.pdb" /SUBSYSTEM:CONSOLE /STACK:"4096" /TLBID:1 /DYNAMICBASE /NXCOMPAT /IMPLIB:"E:\C++练习\BP_NetWork\Debug\BP_NetWork.lib" /MACHINE:X86 Debug\BP_NetWork.exe.embed.manifest.res
         Debug\BackPro.obj
         Debug\BP_NetWork.obj
         Debug\Particle.obj
         Debug\PSO.obj
         Debug\PSO1.obj
         Debug\stdafx.obj
       Manifest:
         C:\Program Files\Microsoft SDKs\Windows\v7.0A\bin\mt.exe /nologo /verbose /out:"Debug\BP_NetWork.exe.embed.manifest" /manifest Debug\BP_NetWork.exe.intermediate.manifest
         所有输出均为最新。
       LinkEmbedManifest:
         所有输出均为最新。
         BP_NetWork.vcxproj -> E:\C++练习\BP_NetWork\Debug\BP_NetWork.exe
       FinalizeBuildStatus:
         正在删除文件“Debug\BP_NetWork.unsuccessfulbuild”。
         正在对“Debug\BP_NetWork.lastbuildstate”执行 Touch 任务。
     1>已完成生成项目“E:\C++练习\BP_NetWork\BP_NetWork\BP_NetWork.vcxproj”(build 个目标)的操作。

生成成功。

已用时间 00:00:03.90
